<?xml version="1.0" encoding="UTF-8"?>
<testsuites name="jest tests" tests="21" failures="0" errors="0" time="4.77">
  <testsuite name="Clase Auto" errors="0" failures="0" skipped="0" timestamp="2025-10-14T19:37:30" time="2.879" tests="6">
    <testcase classname="Clase Auto Probar metodo getNroMatricula Probar metodo getNroMatricula" name="Clase Auto Probar metodo getNroMatricula Probar metodo getNroMatricula" time="0.004">
    </testcase>
    <testcase classname="Clase Auto Probar metodo setNroMatricula Probar metodo setNroMatricula" name="Clase Auto Probar metodo setNroMatricula Probar metodo setNroMatricula" time="0.001">
    </testcase>
    <testcase classname="Clase Auto Probar metodo getEstado Probar metodo getEstado" name="Clase Auto Probar metodo getEstado Probar metodo getEstado" time="0">
    </testcase>
    <testcase classname="Clase Auto Probar metodo getTarifa Probar metodo getTarifa" name="Clase Auto Probar metodo getTarifa Probar metodo getTarifa" time="0">
    </testcase>
    <testcase classname="Clase Auto Probar metodo getCargoAdicional Probar metodo getCargoAdicional" name="Clase Auto Probar metodo getCargoAdicional Probar metodo getCargoAdicional" time="0">
    </testcase>
    <testcase classname="Clase Auto Probar metodo actualizarEstado Probar metodo actualizarEstado" name="Clase Auto Probar metodo actualizarEstado Probar metodo actualizarEstado" time="0.001">
    </testcase>
  </testsuite>
  <testsuite name="Tests clase compacto" errors="0" failures="0" skipped="0" timestamp="2025-10-14T19:37:33" time="0.373" tests="3">
    <testcase classname="Tests clase compacto Prueba metodo calcularBase() Prueba metodo calcularBase()" name="Tests clase compacto Prueba metodo calcularBase() Prueba metodo calcularBase()" time="0.001">
    </testcase>
    <testcase classname="Tests clase compacto Prueba metodo aplicarCargo() Prueba metodo aplicarCargo()" name="Tests clase compacto Prueba metodo aplicarCargo() Prueba metodo aplicarCargo()" time="0">
    </testcase>
    <testcase classname="Tests clase compacto Prueba metodo setCargoPorKilometro Prueba metodo setCargoPorKilometro" name="Tests clase compacto Prueba metodo setCargoPorKilometro Prueba metodo setCargoPorKilometro" time="0.001">
    </testcase>
  </testsuite>
  <testsuite name="SistemaDeReserva" errors="0" failures="0" skipped="0" timestamp="2025-10-14T19:37:34" time="0.2" tests="7">
    <testcase classname="SistemaDeReserva Constructor debe inicializar con arrays vacíos debe inicializar con arrays vacíos" name="SistemaDeReserva Constructor debe inicializar con arrays vacíos debe inicializar con arrays vacíos" time="0.001">
    </testcase>
    <testcase classname="SistemaDeReserva Gestión de Autos debe agregar y eliminar autos correctamente debe agregar y eliminar autos correctamente" name="SistemaDeReserva Gestión de Autos debe agregar y eliminar autos correctamente debe agregar y eliminar autos correctamente" time="0.001">
    </testcase>
    <testcase classname="SistemaDeReserva Gestión de Clientes debe agregar y eliminar clientes correctamente debe agregar y eliminar clientes correctamente" name="SistemaDeReserva Gestión de Clientes debe agregar y eliminar clientes correctamente debe agregar y eliminar clientes correctamente" time="0.001">
    </testcase>
    <testcase classname="SistemaDeReserva Gestión de Reservas debe crear reservas correctamente debe crear reservas correctamente" name="SistemaDeReserva Gestión de Reservas debe crear reservas correctamente debe crear reservas correctamente" time="0">
    </testcase>
    <testcase classname="SistemaDeReserva Gestión de Reservas debe agregar y eliminar reservas existentes debe agregar y eliminar reservas existentes" name="SistemaDeReserva Gestión de Reservas debe agregar y eliminar reservas existentes debe agregar y eliminar reservas existentes" time="0.001">
    </testcase>
    <testcase classname="SistemaDeReserva Métodos varios verificarDisponibilidad debe retornar false verificarDisponibilidad debe retornar false" name="SistemaDeReserva Métodos varios verificarDisponibilidad debe retornar false verificarDisponibilidad debe retornar false" time="0">
    </testcase>
    <testcase classname="SistemaDeReserva Métodos varios getters deben retornar arrays getters deben retornar arrays" name="SistemaDeReserva Métodos varios getters deben retornar arrays getters deben retornar arrays" time="0">
    </testcase>
  </testsuite>
  <testsuite name="Tests clase compacto" errors="0" failures="0" skipped="0" timestamp="2025-10-14T19:37:34" time="0.21" tests="3">
    <testcase classname="Tests clase compacto Prueba metodo calcularBase() Prueba metodo calcularBase()" name="Tests clase compacto Prueba metodo calcularBase() Prueba metodo calcularBase()" time="0">
    </testcase>
    <testcase classname="Tests clase compacto Prueba metodo aplicarCargo() Prueba metodo aplicarCargo()" name="Tests clase compacto Prueba metodo aplicarCargo() Prueba metodo aplicarCargo()" time="0">
    </testcase>
    <testcase classname="Tests clase compacto Prueba metodo getCargoFijo Prueba metodo getCargoFijo" name="Tests clase compacto Prueba metodo getCargoFijo Prueba metodo getCargoFijo" time="0">
    </testcase>
  </testsuite>
  <testsuite name="Tests clase compacto" errors="0" failures="0" skipped="0" timestamp="2025-10-14T19:37:34" time="0.196" tests="2">
    <testcase classname="Tests clase compacto Prueba metodo calcularBase() Prueba metodo calcularBase()" name="Tests clase compacto Prueba metodo calcularBase() Prueba metodo calcularBase()" time="0">
    </testcase>
    <testcase classname="Tests clase compacto Prueba metodo aplicarCargo() Prueba metodo aplicarCargo()" name="Tests clase compacto Prueba metodo aplicarCargo() Prueba metodo aplicarCargo()" time="0.001">
    </testcase>
  </testsuite>
</testsuites>